<?xml version="1.0" encoding="UTF-8"?>
<testsuite xmlns:xsi="http://www.w3.org/2001/XMLSchema-instance" xsi:noNamespaceSchemaLocation="https://maven.apache.org/surefire/maven-surefire-plugin/xsd/surefire-test-report.xsd" version="3.0.2" name="com.javademo.basics.JavaBasicsTest" time="0.494" tests="5" errors="0" skipped="0" failures="0">
  <properties>
[...]
</properties>
  <testcase name="testCustomThreadPool" classname="com.javademo.basics.JavaBasicsTest" time="0.029"/>
  <testcase name="testJdkSealedClassHandling" classname="com.javademo.basics.JavaBasicsTest" time="0.005">
    <system-out><![CDATA[JDK8 JSON:
{
  "name": "Alice",
  "age": 30
}
JDK15 Text Block JSON:
{
  "name": "Alice",
  "age": 30
}

]]></system-out>
  </testcase>
  <testcase name="testCompletableFutureParallelCall" classname="com.javademo.basics.JavaBasicsTest" time="0.308">
    <system-out><![CDATA[  [物流服务] 查询城市 110 物流报价完成
  [库存服务] 查询 SKU-1001 库存完成
  [优惠券服务] 查询用户 2001 优惠券完成
并行结果: 库存=50, 优惠券=20.0, 运费=12.0, 耗时=305ms
]]></system-out>
  </testcase>
  <testcase name="testCompletableFutureAnyOf" classname="com.javademo.basics.JavaBasicsTest" time="0.104">
    <system-out><![CDATA[
=== anyOf 竞速（取最快的缓存节点）===
最快结果: 节点B的数据
]]></system-out>
  </testcase>
  <testcase name="testJdkFeatureRecord" classname="com.javademo.basics.JavaBasicsTest" time="0.018">
    <system-out><![CDATA[=== var 类型推断 ===
Alice
Bob
Charlie

=== Record ===
UserRecord[name=Alice, age=30]

=== Sealed Classes + Pattern Matching ===
交易成功: TXN-001
交易失败: INSUFFICIENT_FUNDS

=== Text Block ===
JDK8 JSON:
{
  "name": "Alice",
  "age": 30
}
JDK15 Text Block JSON:
{
  "name": "Alice",
  "age": 30
}

]]></system-out>
  </testcase>
</testsuite>